This file contains any messages produced by compilers while
running configure, to aid debugging if configure makes a mistake.

It was created by ETAS configure 0.4.5, which was
generated by GNU Autoconf 2.69.  Invocation command line was

  $ ./configure 

## --------- ##
## Platform. ##
## --------- ##

hostname = Samarths-MacBook-Pro.local
uname -m = x86_64
uname -r = 20.6.0
uname -s = Darwin
uname -v = Darwin Kernel Version 20.6.0: Thu Sep 29 20:15:11 PDT 2022; root:xnu-7195.141.42~1/RELEASE_X86_64

/usr/bin/uname -p = i386
/bin/uname -X     = unknown

/bin/arch              = unknown
/usr/bin/arch -k       = unknown
/usr/convex/getsysinfo = unknown
/usr/bin/hostinfo      = Mach kernel version:
	 Darwin Kernel Version 20.6.0: Thu Sep 29 20:15:11 PDT 2022; root:xnu-7195.141.42~1/RELEASE_X86_64
Kernel configured for up to 8 processors.
4 processors are physically available.
8 processors are logically available.
Processor type: x86_64h (Intel x86-64h Haswell)
Processors active: 0 1 2 3 4 5 6 7
Primary memory available: 8.00 gigabytes
Default processor set: 427 tasks, 2440 threads, 8 processors
Load average: 2.32, Mach factor: 5.67
/bin/machine           = unknown
/usr/bin/oslevel       = unknown
/bin/universe          = unknown

PATH: /usr/bin
PATH: /bin
PATH: /usr/sbin
PATH: /sbin
PATH: /usr/local/bin
PATH: /Library/Apple/usr/bin
PATH: /Applications/RStudio.app/Contents/MacOS/postback


## ----------- ##
## Core tests. ##
## ----------- ##

configure:1963: checking for C++ compiler version
configure:1972: clang++ --version >&5
Apple clang version 12.0.0 (clang-1200.0.32.27)
Target: x86_64-apple-darwin20.6.0
Thread model: posix
InstalledDir: /Applications/Xcode.app/Contents/Developer/Toolchains/XcodeDefault.xctoolchain/usr/bin
configure:1983: $? = 0
configure:1972: clang++ -v >&5
Apple clang version 12.0.0 (clang-1200.0.32.27)
Target: x86_64-apple-darwin20.6.0
Thread model: posix
InstalledDir: /Applications/Xcode.app/Contents/Developer/Toolchains/XcodeDefault.xctoolchain/usr/bin
configure:1983: $? = 0
configure:1972: clang++ -V >&5
clang: error: argument to '-V' is missing (expected 1 value)
clang: error: no input files
configure:1983: $? = 1
configure:1972: clang++ -qversion >&5
clang: error: unknown argument '-qversion'; did you mean '--version'?
clang: error: no input files
configure:1983: $? = 1
configure:2003: checking whether the C++ compiler works
configure:2025: clang++ -Wall -g -O2   conftest.cpp  >&5
configure:2029: $? = 0
configure:2077: result: yes
configure:2080: checking for C++ compiler default output file name
configure:2082: result: a.out
configure:2088: checking for suffix of executables
configure:2095: clang++ -o conftest -Wall -g -O2   conftest.cpp  >&5
configure:2099: $? = 0
configure:2121: result: 
configure:2143: checking whether we are cross compiling
configure:2151: clang++ -o conftest -Wall -g -O2   conftest.cpp  >&5
configure:2155: $? = 0
configure:2162: ./conftest
configure:2166: $? = 0
configure:2181: result: no
configure:2186: checking for suffix of object files
configure:2208: clang++ -c -Wall -g -O2  conftest.cpp >&5
configure:2212: $? = 0
configure:2233: result: o
configure:2237: checking whether we are using the GNU C++ compiler
configure:2256: clang++ -c -Wall -g -O2  conftest.cpp >&5
configure:2256: $? = 0
configure:2265: result: yes
configure:2274: checking whether clang++ accepts -g
configure:2294: clang++ -c -g  conftest.cpp >&5
configure:2294: $? = 0
configure:2335: result: yes
configure:2364: checking how to run the C++ preprocessor
configure:2391: clang++ -E  conftest.cpp
configure:2391: $? = 0
configure:2405: clang++ -E  conftest.cpp
conftest.cpp:9:10: fatal error: 'ac_nonexistent.h' file not found
#include <ac_nonexistent.h>
         ^~~~~~~~~~~~~~~~~~
1 error generated.
configure:2405: $? = 1
configure: failed program was:
| /* confdefs.h */
| #define PACKAGE_NAME "ETAS"
| #define PACKAGE_TARNAME "etas"
| #define PACKAGE_VERSION "0.4.5"
| #define PACKAGE_STRING "ETAS 0.4.5"
| #define PACKAGE_BUGREPORT ""
| #define PACKAGE_URL ""
| /* end confdefs.h.  */
| #include <ac_nonexistent.h>
configure:2430: result: clang++ -E
configure:2450: clang++ -E  conftest.cpp
configure:2450: $? = 0
configure:2464: clang++ -E  conftest.cpp
conftest.cpp:9:10: fatal error: 'ac_nonexistent.h' file not found
#include <ac_nonexistent.h>
         ^~~~~~~~~~~~~~~~~~
1 error generated.
configure:2464: $? = 1
configure: failed program was:
| /* confdefs.h */
| #define PACKAGE_NAME "ETAS"
| #define PACKAGE_TARNAME "etas"
| #define PACKAGE_VERSION "0.4.5"
| #define PACKAGE_STRING "ETAS 0.4.5"
| #define PACKAGE_BUGREPORT ""
| #define PACKAGE_URL ""
| /* end confdefs.h.  */
| #include <ac_nonexistent.h>
configure:2502: checking for clang++ option to support OpenMP
configure:2517: clang++ -o conftest -Wall -g -O2   conftest.cpp  >&5
conftest.cpp:11:2: error: unknown type name 'choke'
 choke me
 ^
conftest.cpp:13:10: fatal error: 'omp.h' file not found
#include <omp.h>
         ^~~~~~~
2 errors generated.
configure:2517: $? = 1
configure: failed program was:
| /* confdefs.h */
| #define PACKAGE_NAME "ETAS"
| #define PACKAGE_TARNAME "etas"
| #define PACKAGE_VERSION "0.4.5"
| #define PACKAGE_STRING "ETAS 0.4.5"
| #define PACKAGE_BUGREPORT ""
| #define PACKAGE_URL ""
| /* end confdefs.h.  */
| 
| #ifndef _OPENMP
|  choke me
| #endif
| #include <omp.h>
| int main () { return omp_get_num_threads (); }
| 
configure:2537: clang++ -o conftest -Wall -g -O2 -fopenmp   conftest.cpp  >&5
clang: error: unsupported option '-fopenmp'
clang: error: unsupported option '-fopenmp'
configure:2537: $? = 1
configure: failed program was:
| /* confdefs.h */
| #define PACKAGE_NAME "ETAS"
| #define PACKAGE_TARNAME "etas"
| #define PACKAGE_VERSION "0.4.5"
| #define PACKAGE_STRING "ETAS 0.4.5"
| #define PACKAGE_BUGREPORT ""
| #define PACKAGE_URL ""
| /* end confdefs.h.  */
| 
| #ifndef _OPENMP
|  choke me
| #endif
| #include <omp.h>
| int main () { return omp_get_num_threads (); }
| 
configure:2537: clang++ -o conftest -Wall -g -O2 -xopenmp   conftest.cpp  >&5
clang: error: language not recognized: 'openmp'
configure:2537: $? = 1
configure: failed program was:
| /* confdefs.h */
| #define PACKAGE_NAME "ETAS"
| #define PACKAGE_TARNAME "etas"
| #define PACKAGE_VERSION "0.4.5"
| #define PACKAGE_STRING "ETAS 0.4.5"
| #define PACKAGE_BUGREPORT ""
| #define PACKAGE_URL ""
| /* end confdefs.h.  */
| 
| #ifndef _OPENMP
|  choke me
| #endif
| #include <omp.h>
| int main () { return omp_get_num_threads (); }
| 
configure:2537: clang++ -o conftest -Wall -g -O2 -qopenmp   conftest.cpp  >&5
clang: error: unknown argument '-qopenmp'; did you mean '-fopenmp'?
configure:2537: $? = 1
configure: failed program was:
| /* confdefs.h */
| #define PACKAGE_NAME "ETAS"
| #define PACKAGE_TARNAME "etas"
| #define PACKAGE_VERSION "0.4.5"
| #define PACKAGE_STRING "ETAS 0.4.5"
| #define PACKAGE_BUGREPORT ""
| #define PACKAGE_URL ""
| /* end confdefs.h.  */
| 
| #ifndef _OPENMP
|  choke me
| #endif
| #include <omp.h>
| int main () { return omp_get_num_threads (); }
| 
configure:2537: clang++ -o conftest -Wall -g -O2 -openmp   conftest.cpp  >&5
conftest.cpp:11:2: error: unknown type name 'choke'
 choke me
 ^
conftest.cpp:13:10: fatal error: 'omp.h' file not found
#include <omp.h>
         ^~~~~~~
2 errors generated.
configure:2537: $? = 1
configure: failed program was:
| /* confdefs.h */
| #define PACKAGE_NAME "ETAS"
| #define PACKAGE_TARNAME "etas"
| #define PACKAGE_VERSION "0.4.5"
| #define PACKAGE_STRING "ETAS 0.4.5"
| #define PACKAGE_BUGREPORT ""
| #define PACKAGE_URL ""
| /* end confdefs.h.  */
| 
| #ifndef _OPENMP
|  choke me
| #endif
| #include <omp.h>
| int main () { return omp_get_num_threads (); }
| 
configure:2537: clang++ -o conftest -Wall -g -O2 -mp   conftest.cpp  >&5
clang: error: unknown argument: '-mp'
configure:2537: $? = 1
configure: failed program was:
| /* confdefs.h */
| #define PACKAGE_NAME "ETAS"
| #define PACKAGE_TARNAME "etas"
| #define PACKAGE_VERSION "0.4.5"
| #define PACKAGE_STRING "ETAS 0.4.5"
| #define PACKAGE_BUGREPORT ""
| #define PACKAGE_URL ""
| /* end confdefs.h.  */
| 
| #ifndef _OPENMP
|  choke me
| #endif
| #include <omp.h>
| int main () { return omp_get_num_threads (); }
| 
configure:2537: clang++ -o conftest -Wall -g -O2 -omp   conftest.cpp  >&5
conftest.cpp:11:2: error: unknown type name 'choke'
 choke me
 ^
conftest.cpp:13:10: fatal error: 'omp.h' file not found
#include <omp.h>
         ^~~~~~~
2 errors generated.
configure:2537: $? = 1
configure: failed program was:
| /* confdefs.h */
| #define PACKAGE_NAME "ETAS"
| #define PACKAGE_TARNAME "etas"
| #define PACKAGE_VERSION "0.4.5"
| #define PACKAGE_STRING "ETAS 0.4.5"
| #define PACKAGE_BUGREPORT ""
| #define PACKAGE_URL ""
| /* end confdefs.h.  */
| 
| #ifndef _OPENMP
|  choke me
| #endif
| #include <omp.h>
| int main () { return omp_get_num_threads (); }
| 
configure:2537: clang++ -o conftest -Wall -g -O2 -qsmp=omp   conftest.cpp  >&5
clang: error: unknown argument: '-qsmp=omp'
configure:2537: $? = 1
configure: failed program was:
| /* confdefs.h */
| #define PACKAGE_NAME "ETAS"
| #define PACKAGE_TARNAME "etas"
| #define PACKAGE_VERSION "0.4.5"
| #define PACKAGE_STRING "ETAS 0.4.5"
| #define PACKAGE_BUGREPORT ""
| #define PACKAGE_URL ""
| /* end confdefs.h.  */
| 
| #ifndef _OPENMP
|  choke me
| #endif
| #include <omp.h>
| int main () { return omp_get_num_threads (); }
| 
configure:2537: clang++ -o conftest -Wall -g -O2 -homp   conftest.cpp  >&5
clang: error: unknown argument: '-homp'
configure:2537: $? = 1
configure: failed program was:
| /* confdefs.h */
| #define PACKAGE_NAME "ETAS"
| #define PACKAGE_TARNAME "etas"
| #define PACKAGE_VERSION "0.4.5"
| #define PACKAGE_STRING "ETAS 0.4.5"
| #define PACKAGE_BUGREPORT ""
| #define PACKAGE_URL ""
| /* end confdefs.h.  */
| 
| #ifndef _OPENMP
|  choke me
| #endif
| #include <omp.h>
| int main () { return omp_get_num_threads (); }
| 
configure:2537: clang++ -o conftest -Wall -g -O2 -fopenmp=libomp   conftest.cpp  >&5
clang: error: unsupported argument 'libomp' to option 'fopenmp='
clang: error: unsupported argument 'libomp' to option 'fopenmp='
configure:2537: $? = 1
configure: failed program was:
| /* confdefs.h */
| #define PACKAGE_NAME "ETAS"
| #define PACKAGE_TARNAME "etas"
| #define PACKAGE_VERSION "0.4.5"
| #define PACKAGE_STRING "ETAS 0.4.5"
| #define PACKAGE_BUGREPORT ""
| #define PACKAGE_URL ""
| /* end confdefs.h.  */
| 
| #ifndef _OPENMP
|  choke me
| #endif
| #include <omp.h>
| int main () { return omp_get_num_threads (); }
| 
configure:2537: clang++ -o conftest -Wall -g -O2 -Popenmp   conftest.cpp  >&5
clang: error: unknown argument '-Popenmp'; did you mean '-fopenmp'?
configure:2537: $? = 1
configure: failed program was:
| /* confdefs.h */
| #define PACKAGE_NAME "ETAS"
| #define PACKAGE_TARNAME "etas"
| #define PACKAGE_VERSION "0.4.5"
| #define PACKAGE_STRING "ETAS 0.4.5"
| #define PACKAGE_BUGREPORT ""
| #define PACKAGE_URL ""
| /* end confdefs.h.  */
| 
| #ifndef _OPENMP
|  choke me
| #endif
| #include <omp.h>
| int main () { return omp_get_num_threads (); }
| 
configure:2537: clang++ -o conftest -Wall -g -O2 --openmp   conftest.cpp  >&5
clang: error: unsupported option '--openmp'; did you mean '-fopenmp'?
configure:2537: $? = 1
configure: failed program was:
| /* confdefs.h */
| #define PACKAGE_NAME "ETAS"
| #define PACKAGE_TARNAME "etas"
| #define PACKAGE_VERSION "0.4.5"
| #define PACKAGE_STRING "ETAS 0.4.5"
| #define PACKAGE_BUGREPORT ""
| #define PACKAGE_URL ""
| /* end confdefs.h.  */
| 
| #ifndef _OPENMP
|  choke me
| #endif
| #include <omp.h>
| int main () { return omp_get_num_threads (); }
| 
configure:2551: result: unsupported
configure:2714: creating ./config.status

## ---------------------- ##
## Running config.status. ##
## ---------------------- ##

This file was extended by ETAS config.status 0.4.5, which was
generated by GNU Autoconf 2.69.  Invocation command line was

  CONFIG_FILES    = 
  CONFIG_HEADERS  = 
  CONFIG_LINKS    = 
  CONFIG_COMMANDS = 
  $ ./config.status 

on Samarths-MacBook-Pro.local

config.status:722: creating src/Makevars

## ---------------- ##
## Cache variables. ##
## ---------------- ##

ac_cv_cxx_compiler_gnu=yes
ac_cv_env_CCC_set=
ac_cv_env_CCC_value=
ac_cv_env_CPPFLAGS_set=
ac_cv_env_CPPFLAGS_value=
ac_cv_env_CXXCPP_set=
ac_cv_env_CXXCPP_value=
ac_cv_env_CXXFLAGS_set=
ac_cv_env_CXXFLAGS_value=
ac_cv_env_CXX_set=
ac_cv_env_CXX_value=
ac_cv_env_LDFLAGS_set=
ac_cv_env_LDFLAGS_value=
ac_cv_env_LIBS_set=
ac_cv_env_LIBS_value=
ac_cv_env_build_alias_set=
ac_cv_env_build_alias_value=
ac_cv_env_host_alias_set=
ac_cv_env_host_alias_value=
ac_cv_env_target_alias_set=
ac_cv_env_target_alias_value=
ac_cv_objext=o
ac_cv_prog_CXXCPP='clang++ -E'
ac_cv_prog_cxx_g=yes
ac_cv_prog_cxx_openmp=unsupported

## ----------------- ##
## Output variables. ##
## ----------------- ##

CPPFLAGS=''
CXX='clang++'
CXXCPP='clang++ -E'
CXXFLAGS='-Wall -g -O2'
DEFS='-DPACKAGE_NAME=\"ETAS\" -DPACKAGE_TARNAME=\"etas\" -DPACKAGE_VERSION=\"0.4.5\" -DPACKAGE_STRING=\"ETAS\ 0.4.5\" -DPACKAGE_BUGREPORT=\"\" -DPACKAGE_URL=\"\"'
ECHO_C='\c'
ECHO_N=''
ECHO_T=''
EXEEXT=''
LDFLAGS=''
LIBOBJS=''
LIBS=''
LTLIBOBJS=''
OBJEXT='o'
OPENMP_CXXFLAGS=''
PACKAGE_BUGREPORT=''
PACKAGE_NAME='ETAS'
PACKAGE_STRING='ETAS 0.4.5'
PACKAGE_TARNAME='etas'
PACKAGE_URL=''
PACKAGE_VERSION='0.4.5'
PATH_SEPARATOR=':'
SHELL='/bin/sh'
ac_ct_CXX=''
bindir='${exec_prefix}/bin'
build_alias=''
datadir='${datarootdir}'
datarootdir='${prefix}/share'
docdir='${datarootdir}/doc/${PACKAGE_TARNAME}'
dvidir='${docdir}'
exec_prefix='${prefix}'
host_alias=''
htmldir='${docdir}'
includedir='${prefix}/include'
infodir='${datarootdir}/info'
libdir='${exec_prefix}/lib'
libexecdir='${exec_prefix}/libexec'
localedir='${datarootdir}/locale'
localstatedir='${prefix}/var'
mandir='${datarootdir}/man'
oldincludedir='/usr/include'
pdfdir='${docdir}'
prefix='/usr/local'
program_transform_name='s,x,x,'
psdir='${docdir}'
runstatedir='${localstatedir}/run'
sbindir='${exec_prefix}/sbin'
sharedstatedir='${prefix}/com'
sysconfdir='${prefix}/etc'
target_alias=''

## ----------- ##
## confdefs.h. ##
## ----------- ##

/* confdefs.h */
#define PACKAGE_NAME "ETAS"
#define PACKAGE_TARNAME "etas"
#define PACKAGE_VERSION "0.4.5"
#define PACKAGE_STRING "ETAS 0.4.5"
#define PACKAGE_BUGREPORT ""
#define PACKAGE_URL ""

configure: exit 0
